Using pre-set license
Built from '2021.3/release' branch; Version is '2021.3.17f1 (3e8111cac19d) revision 4096273'; Using compiler version '192829333'; Build Type 'Release'
OS: 'Windows 10  (10.0.18363) 64bit Professional' Language: 'en' Physical Memory: 8051 MB
BatchMode: 1, IsHumanControllingUs: 0, StartBugReporterOnCrash: 0, Is64bit: 1, IsPro: 1

COMMAND LINE ARGUMENTS:
C:\Program Files\Unity\Hub\Editor\2021.3.17f1\Editor\Unity.exe
-adb2
-batchMode
-noUpm
-name
AssetImportWorker0
-projectPath
C:/Users/ADMIN/Desktop/DemoTileTrip/Demo
-logFile
Logs/AssetImportWorker0.log
-srvPort
53068
Successfully changed project path to: C:/Users/ADMIN/Desktop/DemoTileTrip/Demo
C:/Users/ADMIN/Desktop/DemoTileTrip/Demo
[UnityMemory] Configuration Parameters - Can be set up in boot.config
    "memorysetup-bucket-allocator-granularity=16"
    "memorysetup-bucket-allocator-bucket-count=8"
    "memorysetup-bucket-allocator-block-size=33554432"
    "memorysetup-bucket-allocator-block-count=8"
    "memorysetup-main-allocator-block-size=16777216"
    "memorysetup-thread-allocator-block-size=16777216"
    "memorysetup-gfx-main-allocator-block-size=16777216"
    "memorysetup-gfx-thread-allocator-block-size=16777216"
    "memorysetup-cache-allocator-block-size=4194304"
    "memorysetup-typetree-allocator-block-size=2097152"
    "memorysetup-profiler-bucket-allocator-granularity=16"
    "memorysetup-profiler-bucket-allocator-bucket-count=8"
    "memorysetup-profiler-bucket-allocator-block-size=33554432"
    "memorysetup-profiler-bucket-allocator-block-count=8"
    "memorysetup-profiler-allocator-block-size=16777216"
    "memorysetup-profiler-editor-allocator-block-size=1048576"
    "memorysetup-temp-allocator-size-main=16777216"
    "memorysetup-job-temp-allocator-block-size=2097152"
    "memorysetup-job-temp-allocator-block-size-background=1048576"
    "memorysetup-job-temp-allocator-reduction-small-platforms=262144"
    "memorysetup-temp-allocator-size-background-worker=32768"
    "memorysetup-temp-allocator-size-job-worker=262144"
    "memorysetup-temp-allocator-size-preload-manager=33554432"
    "memorysetup-temp-allocator-size-nav-mesh-worker=65536"
    "memorysetup-temp-allocator-size-audio-worker=65536"
    "memorysetup-temp-allocator-size-cloud-worker=32768"
    "memorysetup-temp-allocator-size-gi-baking-worker=262144"
    "memorysetup-temp-allocator-size-gfx=262144"
Player connection [7452] Host "[IP] 192.168.1.12 [Port] 0 [Flags] 2 [Guid] 1779723458 [EditorId] 1779723458 [Version] 1048832 [Id] WindowsEditor(7,DESKTOP-7MO3FS3) [Debug] 1 [PackageName] WindowsEditor [ProjectName] Editor" joined multi-casting on [225.0.0.222:54997]...

Player connection [7452] Host "[IP] 192.168.1.12 [Port] 0 [Flags] 2 [Guid] 1779723458 [EditorId] 1779723458 [Version] 1048832 [Id] WindowsEditor(7,DESKTOP-7MO3FS3) [Debug] 1 [PackageName] WindowsEditor [ProjectName] Editor" joined alternative multi-casting on [225.0.0.222:34997]...

Refreshing native plugins compatible for Editor in 93.54 ms, found 3 plugins.
Preloading 0 native plugins for Editor in 0.00 ms.
Initialize engine version: 2021.3.17f1 (3e8111cac19d)
[Subsystems] Discovering subsystems at path C:/Program Files/Unity/Hub/Editor/2021.3.17f1/Editor/Data/Resources/UnitySubsystems
[Subsystems] Discovering subsystems at path C:/Users/ADMIN/Desktop/DemoTileTrip/Demo/Assets
GfxDevice: creating device client; threaded=0; jobified=0
Direct3D:
    Version:  Direct3D 11.0 [level 11.1]
    Renderer: NVIDIA GeForce GTX 1050 Ti (ID=0x1c8c)
    Vendor:   NVIDIA
    VRAM:     4017 MB
    Driver:   31.0.15.2737
Initialize mono
Mono path[0] = 'C:/Program Files/Unity/Hub/Editor/2021.3.17f1/Editor/Data/Managed'
Mono path[1] = 'C:/Program Files/Unity/Hub/Editor/2021.3.17f1/Editor/Data/MonoBleedingEdge/lib/mono/unityjit-win32'
Mono config path = 'C:/Program Files/Unity/Hub/Editor/2021.3.17f1/Editor/Data/MonoBleedingEdge/etc'
Using monoOptions --debugger-agent=transport=dt_socket,embedding=1,server=y,suspend=n,address=127.0.0.1:56668
Begin MonoManager ReloadAssembly
Registering precompiled unity dll's ...
Register platform support module: C:/Program Files/Unity/Hub/Editor/2021.3.17f1/Editor/Data/PlaybackEngines/MacStandaloneSupport/UnityEditor.OSXStandalone.Extensions.dll
Register platform support module: C:/Program Files/Unity/Hub/Editor/2021.3.17f1/Editor/Data/PlaybackEngines/WindowsStandaloneSupport/UnityEditor.WindowsStandalone.Extensions.dll
Registered in 0.006807 seconds.
Native extension for WindowsStandalone target not found
Native extension for OSXStandalone target not found
Refreshing native plugins compatible for Editor in 104.61 ms, found 3 plugins.
Preloading 0 native plugins for Editor in 0.00 ms.
Mono: successfully reloaded assembly
- Completed reload, in  0.758 seconds
Domain Reload Profiling:
	ReloadAssembly (758ms)
		BeginReloadAssembly (86ms)
			ExecutionOrderSort (0ms)
			DisableScriptedObjects (0ms)
			BackupInstance (0ms)
			ReleaseScriptingObjects (0ms)
			CreateAndSetChildDomain (1ms)
		EndReloadAssembly (541ms)
			LoadAssemblies (82ms)
			RebuildTransferFunctionScriptingTraits (0ms)
			SetupTypeCache (110ms)
			ReleaseScriptCaches (0ms)
			RebuildScriptCaches (33ms)
			SetupLoadedEditorAssemblies (340ms)
				LogAssemblyErrors (0ms)
				InitializePlatformSupportModulesInManaged (12ms)
				SetLoadedEditorAssemblies (0ms)
				RefreshPlugins (105ms)
				BeforeProcessingInitializeOnLoad (1ms)
				ProcessInitializeOnLoadAttributes (167ms)
				ProcessInitializeOnLoadMethodAttributes (55ms)
				AfterProcessingInitializeOnLoad (0ms)
				EditorAssembliesLoaded (0ms)
			ExecutionOrderSort2 (0ms)
			AwakeInstancesAfterBackupRestoration (0ms)
Platform modules already initialized, skipping
Registering precompiled user dll's ...
Registered in 0.005349 seconds.
Begin MonoManager ReloadAssembly
Symbol file LoadedFromMemory doesn't match image C:\Users\ADMIN\Desktop\DemoTileTrip\Demo\Library\PackageCache\com.unity.visualscripting@1.8.0\Editor\VisualScripting.Core\Dependencies\YamlDotNet\Unity.VisualScripting.YamlDotNet.dll
Symbol file LoadedFromMemory doesn't match image C:\Users\ADMIN\Desktop\DemoTileTrip\Demo\Library\PackageCache\com.unity.visualscripting@1.8.0\Editor\VisualScripting.Core\Dependencies\DotNetZip\Unity.VisualScripting.IonicZip.dll
Native extension for WindowsStandalone target not found
Native extension for OSXStandalone target not found
Refreshing native plugins compatible for Editor in 0.57 ms, found 3 plugins.
Preloading 0 native plugins for Editor in 0.00 ms.
Mono: successfully reloaded assembly
- Completed reload, in  1.143 seconds
Domain Reload Profiling:
	ReloadAssembly (1144ms)
		BeginReloadAssembly (143ms)
			ExecutionOrderSort (0ms)
			DisableScriptedObjects (6ms)
			BackupInstance (0ms)
			ReleaseScriptingObjects (0ms)
			CreateAndSetChildDomain (30ms)
		EndReloadAssembly (882ms)
			LoadAssemblies (101ms)
			RebuildTransferFunctionScriptingTraits (0ms)
			SetupTypeCache (311ms)
			ReleaseScriptCaches (1ms)
			RebuildScriptCaches (60ms)
			SetupLoadedEditorAssemblies (380ms)
				LogAssemblyErrors (0ms)
				InitializePlatformSupportModulesInManaged (7ms)
				SetLoadedEditorAssemblies (0ms)
				RefreshPlugins (1ms)
				BeforeProcessingInitializeOnLoad (94ms)
				ProcessInitializeOnLoadAttributes (246ms)
				ProcessInitializeOnLoadMethodAttributes (24ms)
				AfterProcessingInitializeOnLoad (7ms)
				EditorAssembliesLoaded (0ms)
			ExecutionOrderSort2 (0ms)
			AwakeInstancesAfterBackupRestoration (6ms)
Platform modules already initialized, skipping
========================================================================
Worker process is ready to serve import requests
Launched and connected shader compiler UnityShaderCompiler.exe after 0.05 seconds
Refreshing native plugins compatible for Editor in 0.69 ms, found 3 plugins.
Preloading 0 native plugins for Editor in 0.00 ms.
Unloading 3376 Unused Serialized files (Serialized files now loaded: 0)
Unloading 27 unused Assets / (113.4 KB). Loaded Objects now: 3833.
Memory consumption went from 115.6 MB to 115.4 MB.
Total: 3.720800 ms (FindLiveObjects: 0.259200 ms CreateObjectMapping: 0.177300 ms MarkObjects: 3.194500 ms  DeleteObjects: 0.088800 ms)

AssetImportParameters requested are different than current active one (requested -> active):
  custom:video-decoder-ogg-theora: a1e56fd34408186e4bbccfd4996cb3dc -> 
  custom:container-muxer-webm: aa71ff27fc2769a1b78a27578f13a17b -> 
  custom:container-demuxer-webm: 4f35f7cbe854078d1ac9338744f61a02 -> 
  custom:video-encoder-webm-vp8: eb34c28f22e8b96e1ab97ce403110664 -> 
  custom:audio-encoder-webm-vorbis: bf7c407c2cedff20999df2af8eb42d56 -> 
  custom:framework-win-MediaFoundation: 216162199b28c13a410421893ffa2e32 -> 
  custom:container-demuxer-ogg: 62fdf1f143b41e24485cea50d1cbac27 -> 
  custom:video-decoder-webm-vp8: 9c59270c3fd7afecdb556c50c9e8de78 -> 
  custom:audio-decoder-ogg-vorbis: bf7c407c2cedff20999df2af8eb42d56 -> 
========================================================================
Received Import Request.
  Time since last request: 688.235115 seconds.
  path: Assets/TileTrip/Art
  artifactKey: Guid(dfbcf51d667abe647b2cf10175dc89e3) Importer(815301076,1909f56bfc062723c751e8b465ee728b)
Start importing Assets/TileTrip/Art using Guid(dfbcf51d667abe647b2cf10175dc89e3) Importer(815301076,1909f56bfc062723c751e8b465ee728b)  -> (artifact id: 'cced71e5d2eb0d654c32b6b87e2c80e1') in 0.007882 seconds 
========================================================================
Received Import Request.
  Time since last request: 7.553330 seconds.
  path: Assets/TileTrip/Art/White.png
  artifactKey: Guid(07c927b6b08b07d439e18c00e5aff78b) Importer(815301076,1909f56bfc062723c751e8b465ee728b)
Start importing Assets/TileTrip/Art/White.png using Guid(07c927b6b08b07d439e18c00e5aff78b) Importer(815301076,1909f56bfc062723c751e8b465ee728b)  -> (artifact id: 'bf20e6c8992a60267a65a0bdd296924c') in 0.077892 seconds 
========================================================================
Received Import Request.
  Time since last request: 5.988628 seconds.
  path: Assets/TileTrip/Art/White.png
  artifactKey: Guid(07c927b6b08b07d439e18c00e5aff78b) Importer(815301076,1909f56bfc062723c751e8b465ee728b)
Start importing Assets/TileTrip/Art/White.png using Guid(07c927b6b08b07d439e18c00e5aff78b) Importer(815301076,1909f56bfc062723c751e8b465ee728b)  -> (artifact id: 'bf8a8595aa01def210f5e95a809e3eb4') in 0.049522 seconds 
========================================================================
Received Import Request.
  Time since last request: 16.272430 seconds.
  path: Assets/TileTrip/Art/Animals/chicken.png
  artifactKey: Guid(51a4c89da483baf4ba8a103d93ca3653) Importer(815301076,1909f56bfc062723c751e8b465ee728b)
Start importing Assets/TileTrip/Art/Animals/chicken.png using Guid(51a4c89da483baf4ba8a103d93ca3653) Importer(815301076,1909f56bfc062723c751e8b465ee728b)  -> (artifact id: '0cc02feec2827244cf6796c6b2bb24c5') in 0.017357 seconds 
========================================================================
Received Import Request.
  Time since last request: 0.000029 seconds.
  path: Assets/TileTrip/Art/Animals/rabbit.png
  artifactKey: Guid(8ce0dac6ddfefe848b9da6582d549bdc) Importer(815301076,1909f56bfc062723c751e8b465ee728b)
Start importing Assets/TileTrip/Art/Animals/rabbit.png using Guid(8ce0dac6ddfefe848b9da6582d549bdc) Importer(815301076,1909f56bfc062723c751e8b465ee728b)  -> (artifact id: '6c8828af00abb02c36c793613e95990a') in 0.016515 seconds 
========================================================================
Received Import Request.
  Time since last request: 0.000028 seconds.
  path: Assets/TileTrip/Art/Animals/moose.png
  artifactKey: Guid(87556388ee1850643b44b406536b3ab6) Importer(815301076,1909f56bfc062723c751e8b465ee728b)
Start importing Assets/TileTrip/Art/Animals/moose.png using Guid(87556388ee1850643b44b406536b3ab6) Importer(815301076,1909f56bfc062723c751e8b465ee728b)  -> (artifact id: '3732ba9c9f5b7ad3742b4cc77118fa2c') in 0.021268 seconds 
========================================================================
Received Import Request.
  Time since last request: 0.000058 seconds.
  path: Assets/TileTrip/Art/Animals/monkey.png
  artifactKey: Guid(966ea922df38b49429b8ba48d355bee4) Importer(815301076,1909f56bfc062723c751e8b465ee728b)
Start importing Assets/TileTrip/Art/Animals/monkey.png using Guid(966ea922df38b49429b8ba48d355bee4) Importer(815301076,1909f56bfc062723c751e8b465ee728b)  -> (artifact id: 'f7647ccfc95d98851627872dfe97c32e') in 0.021285 seconds 
========================================================================
Received Import Request.
  Time since last request: 0.000030 seconds.
  path: Assets/TileTrip/Art/Animals/pig.png
  artifactKey: Guid(5881fd4251b8faf4ba3ae09a918df3c9) Importer(815301076,1909f56bfc062723c751e8b465ee728b)
Start importing Assets/TileTrip/Art/Animals/pig.png using Guid(5881fd4251b8faf4ba3ae09a918df3c9) Importer(815301076,1909f56bfc062723c751e8b465ee728b)  -> (artifact id: '9feabf4ac53d15fa9880e444463186d2') in 0.018063 seconds 
========================================================================
Received Import Request.
  Time since last request: 0.000023 seconds.
  path: Assets/TileTrip/Art/Animals/goat.png
  artifactKey: Guid(e474894fb636e8c4ebc89aa4f706e19f) Importer(815301076,1909f56bfc062723c751e8b465ee728b)
Start importing Assets/TileTrip/Art/Animals/goat.png using Guid(e474894fb636e8c4ebc89aa4f706e19f) Importer(815301076,1909f56bfc062723c751e8b465ee728b)  -> (artifact id: '2dea7dadda4f1a5dab6a60b4df2dcca3') in 0.022221 seconds 
